{
  "stats": {
    "suites": 1,
    "tests": 2,
    "passes": 2,
    "pending": 0,
    "failures": 0,
    "start": "2022-06-30T20:05:22.138Z",
    "end": "2022-06-30T20:05:44.564Z",
    "duration": 22426,
    "testsRegistered": 2,
    "passPercent": 100,
    "pendingPercent": 0,
    "other": 0,
    "hasOther": false,
    "skipped": 0,
    "hasSkipped": false
  },
  "results": [
    {
      "uuid": "f4a67f6c-b7c4-43b3-bf98-1638648f6e45",
      "title": "",
      "fullFile": "cypress/integration/OnTest/Visual_Test_Devices.js",
      "file": "cypress/integration/OnTest/Visual_Test_Devices.js",
      "beforeHooks": [],
      "afterHooks": [],
      "tests": [],
      "suites": [
        {
          "uuid": "ce63de38-0e38-4b7a-8dca-876b580f95c3",
          "title": "On details on iphone",
          "fullFile": "",
          "file": "",
          "beforeHooks": [],
          "afterHooks": [],
          "tests": [
            {
              "title": "On details",
              "fullTitle": "On details on iphone On details",
              "timedOut": null,
              "duration": 12150,
              "state": "passed",
              "speed": "slow",
              "pass": true,
              "fail": false,
              "pending": false,
              "context": null,
              "code": "cy.makeScreenshot(\"On with cookie\");",
              "err": {},
              "uuid": "f1b3067f-37bf-407a-80df-5a199d4af1b0",
              "parentUUID": "ce63de38-0e38-4b7a-8dca-876b580f95c3",
              "isHook": false,
              "skipped": false
            },
            {
              "title": "Screenshot after cookie accept",
              "fullTitle": "On details on iphone Screenshot after cookie accept",
              "timedOut": null,
              "duration": 5168,
              "state": "passed",
              "speed": "medium",
              "pass": true,
              "fail": false,
              "pending": false,
              "context": null,
              "code": "CheckOut.getcookieBanner().click({\n  force: true\n});\ncy.makeScreenshot(\"Cookie disappears and page displays\");",
              "err": {},
              "uuid": "1965d02a-8dfa-4a49-a76a-673a236a8408",
              "parentUUID": "ce63de38-0e38-4b7a-8dca-876b580f95c3",
              "isHook": false,
              "skipped": false
            }
          ],
          "suites": [],
          "passes": [
            "f1b3067f-37bf-407a-80df-5a199d4af1b0",
            "1965d02a-8dfa-4a49-a76a-673a236a8408"
          ],
          "failures": [],
          "pending": [],
          "skipped": [],
          "duration": 17318,
          "root": false,
          "rootEmpty": false,
          "_timeout": 2000
        }
      ],
      "passes": [],
      "failures": [],
      "pending": [],
      "skipped": [],
      "duration": 0,
      "root": true,
      "rootEmpty": true,
      "_timeout": 2000
    }
  ],
  "meta": {
    "mocha": {
      "version": "7.0.1"
    },
    "mochawesome": {
      "options": {
        "quiet": false,
        "reportFilename": "mochawesome",
        "saveHtml": true,
        "saveJson": true,
        "consoleReporter": "spec",
        "useInlineDiffs": false
      },
      "version": "4.1.0"
    },
    "marge": {
      "options": {
        "reportDir": "cypress/results",
        "overwrite": false,
        "html": true,
        "json": true
      },
      "version": "4.1.0"
    }
  }
}